#
# There is insufficient memory for the Java Runtime Environment to continue.
# Native memory allocation (mmap) failed to map 534773760 bytes for Failed to commit area from 0x0000000603e00000 to 0x0000000623c00000 of length 534773760.
# Possible reasons:
#   The system is out of physical RAM or swap space
#   The process is running with CompressedOops enabled, and the Java Heap may be blocking the growth of the native heap
# Possible solutions:
#   Reduce memory load on the system
#   Increase physical memory or swap space
#   Check if swap backing store is full
#   Decrease Java heap size (-Xmx/-Xms)
#   Decrease number of Java threads
#   Decrease Java thread stack sizes (-Xss)
#   Set larger code cache with -XX:ReservedCodeCacheSize=
# This output file may be truncated or incomplete.
#
#  Out of Memory Error (./src/hotspot/os/windows/os_windows.cpp:3301), pid=1092, tid=42800
#
# JRE version:  (11.0.10+9) (build )
# Java VM: Dynamic Code Evolution 64-Bit Server VM (11.0.10+9-b1341.41, mixed mode, sharing, tiered, compressed oops, g1 gc, windows-amd64)
# No core dump will be written. Minidumps are not enabled by default on client versions of Windows
#

---------------  S U M M A R Y ------------

Command Line: org.jetbrains.git4idea.http.GitAskPassApp Username for 'https://github.com': 

Host: Intel(R) Core(TM) i7-10510U CPU @ 1.80GHz, 8 cores, 31G,  Windows 10 , 64 bit Build 19041 (10.0.19041.1023)
Time: Sun Oct 10 10:04:38 2021 Jerusalem Daylight Time elapsed time: 0.016836 seconds (0d 0h 0m 0s)

---------------  T H R E A D  ---------------

Current thread (0x00000215f0413800):  JavaThread "Unknown thread" [_thread_in_vm, id=42800, stack(0x000000d789700000,0x000000d789800000)]

Stack: [0x000000d789700000,0x000000d789800000]
Native frames: (J=compiled Java code, j=interpreted, Vv=VM code, C=native code)
V  [jvm.dll+0x5f84fa]
V  [jvm.dll+0x77e085]
V  [jvm.dll+0x77f5dd]
V  [jvm.dll+0x77fc93]
V  [jvm.dll+0x2457e8]
V  [jvm.dll+0x5f58f4]
V  [jvm.dll+0x5ea975]
V  [jvm.dll+0x30228b]
V  [jvm.dll+0x3021fa]
V  [jvm.dll+0x3020d2]
V  [jvm.dll+0x306fb6]
V  [jvm.dll+0x34f843]
V  [jvm.dll+0x34ff46]
V  [jvm.dll+0x34f943]
V  [jvm.dll+0x2dbcb8]
V  [jvm.dll+0x2dce57]
V  [jvm.dll+0x75c4d7]
V  [jvm.dll+0x75dd6c]
V  [jvm.dll+0x35cdb9]
V  [jvm.dll+0x73fc9e]
V  [jvm.dll+0x3c5663]
V  [jvm.dll+0x3c7a21]
C  [jli.dll+0x5373]
C  [ucrtbase.dll+0x21bb2]
C  [KERNEL32.DLL+0x17034]
C  [ntdll.dll+0x52651]


---------------  P R O C E S S  ---------------

Threads class SMR info:
_java_thread_list=0x00000215ee0e27a0, length=0, elements={
}

Java Threads: ( => current thread )

Other Threads:
  0x00000215ee1bb800 GCTaskThread "GC Thread#0" [stack: 0x000000d789800000,0x000000d789900000] [id=26824]
  0x00000215f04a7800 ConcurrentGCThread "G1 Main Marker" [stack: 0x000000d789900000,0x000000d789a00000] [id=13948]
  0x00000215f04a9000 ConcurrentGCThread "G1 Conc#0" [stack: 0x000000d789a00000,0x000000d789b00000] [id=16584]

[error occurred during error reporting (printing all threads), id 0xc0000005, EXCEPTION_ACCESS_VIOLATION (0xc0000005) at pc=0x00007ffb4b2fc437]

VM state:not at safepoint (not fully initialized)

VM Mutex/Monitor currently owned by a thread:  ([mutex/lock_event])
[0x00000215f0410a50] Heap_lock - owner thread: 0x00000215f0413800

Heap address: 0x0000000603e00000, size: 8130 MB, Compressed Oops mode: Non-zero based: 0x0000000603e00000
Narrow klass base: 0x0000000000000000, Narrow klass shift: 0

GC Heap History (0 events):
No events

Deoptimization events (0 events):
No events

Classes redefined (0 events):
No events

Internal exceptions (0 events):
No events

Events (1 events):
Event: 0.009 Loaded shared library C:\Program Files\JetBrains\PyCharm Community Edition 2021.1.1\jbr\bin\zip.dll


Dynamic libraries:
0x00007ff7304a0000 - 0x00007ff7304aa000 	C:\Program Files\JetBrains\PyCharm Community Edition 2021.1.1\jbr\bin\java.exe
0x00007ffbdb1f0000 - 0x00007ffbdb3e5000 	C:\Windows\SYSTEM32\ntdll.dll
0x00007ffbd9260000 - 0x00007ffbd931d000 	C:\Windows\System32\KERNEL32.DLL
0x00007ffbd8d90000 - 0x00007ffbd9059000 	C:\Windows\System32\KERNELBASE.dll
0x00007ffbd8c90000 - 0x00007ffbd8d90000 	C:\Windows\System32\ucrtbase.dll
0x00007ffbb2f70000 - 0x00007ffbb2f89000 	C:\Program Files\JetBrains\PyCharm Community Edition 2021.1.1\jbr\bin\jli.dll
0x00007ffbb0db0000 - 0x00007ffbb0dc7000 	C:\Program Files\JetBrains\PyCharm Community Edition 2021.1.1\jbr\bin\VCRUNTIME140.dll
0x00007ffbda6a0000 - 0x00007ffbda840000 	C:\Windows\System32\USER32.dll
0x00007ffbd9060000 - 0x00007ffbd9082000 	C:\Windows\System32\win32u.dll
0x00007ffbd9840000 - 0x00007ffbd986a000 	C:\Windows\System32\GDI32.dll
0x00007ffbc0560000 - 0x00007ffbc07fa000 	C:\Windows\WinSxS\amd64_microsoft.windows.common-controls_6595b64144ccf1df_6.0.19041.1083_none_60bbe31371f34e71\COMCTL32.dll
0x00007ffbd8930000 - 0x00007ffbd8a3b000 	C:\Windows\System32\gdi32full.dll
0x00007ffbd9870000 - 0x00007ffbd990e000 	C:\Windows\System32\msvcrt.dll
0x00007ffbd9170000 - 0x00007ffbd920d000 	C:\Windows\System32\msvcp_win.dll
0x00007ffbd9910000 - 0x00007ffbd9940000 	C:\Windows\System32\IMM32.DLL
0x00007ffb90530000 - 0x00007ffb905cd000 	C:\Program Files\JetBrains\PyCharm Community Edition 2021.1.1\jbr\bin\msvcp140.dll
0x00007ffb4b010000 - 0x00007ffb4bb5f000 	C:\Program Files\JetBrains\PyCharm Community Edition 2021.1.1\jbr\bin\server\jvm.dll
0x00007ffbd9790000 - 0x00007ffbd983c000 	C:\Windows\System32\ADVAPI32.dll
0x00007ffbdaff0000 - 0x00007ffbdb08b000 	C:\Windows\System32\sechost.dll
0x00007ffbd99f0000 - 0x00007ffbd9b1a000 	C:\Windows\System32\RPCRT4.dll
0x00007ffbd9b80000 - 0x00007ffbd9b88000 	C:\Windows\System32\PSAPI.DLL
0x00007ffbb5f60000 - 0x00007ffbb5f69000 	C:\Windows\SYSTEM32\WSOCK32.dll
0x00007ffbccbc0000 - 0x00007ffbccbca000 	C:\Windows\SYSTEM32\VERSION.dll
0x00007ffbda630000 - 0x00007ffbda69b000 	C:\Windows\System32\WS2_32.dll
0x00007ffbb0e50000 - 0x00007ffbb0e77000 	C:\Windows\SYSTEM32\WINMM.dll
0x00007ffbd70a0000 - 0x00007ffbd70b2000 	C:\Windows\SYSTEM32\kernel.appcore.dll
0x00007ffb9f980000 - 0x00007ffb9f991000 	C:\Program Files\JetBrains\PyCharm Community Edition 2021.1.1\jbr\bin\verify.dll
0x00007ffbd6230000 - 0x00007ffbd6414000 	C:\Windows\SYSTEM32\DBGHELP.DLL
0x00007ffbb2cc0000 - 0x00007ffbb2cec000 	C:\Windows\SYSTEM32\dbgcore.DLL
0x00007ffbd8a40000 - 0x00007ffbd8ac3000 	C:\Windows\System32\bcryptPrimitives.dll
0x00007ffb9f840000 - 0x00007ffb9f869000 	C:\Program Files\JetBrains\PyCharm Community Edition 2021.1.1\jbr\bin\java.dll
0x00007ffbb0700000 - 0x00007ffbb070b000 	C:\Program Files\JetBrains\PyCharm Community Edition 2021.1.1\jbr\bin\jimage.dll
0x00007ffb94e70000 - 0x00007ffb94e88000 	C:\Program Files\JetBrains\PyCharm Community Edition 2021.1.1\jbr\bin\zip.dll

dbghelp: loaded successfully - version: 4.0.5 - missing functions: none
symbol engine: initialized successfully - sym options: 0x614 - pdb path: .;C:\Program Files\JetBrains\PyCharm Community Edition 2021.1.1\jbr\bin;C:\Windows\SYSTEM32;C:\Windows\WinSxS\amd64_microsoft.windows.common-controls_6595b64144ccf1df_6.0.19041.1083_none_60bbe31371f34e71;C:\Program Files\JetBrains\PyCharm Community Edition 2021.1.1\jbr\bin\server

VM Arguments:
java_command: org.jetbrains.git4idea.http.GitAskPassApp Username for 'https://github.com': 
java_class_path (initial): C:/Program Files/JetBrains/PyCharm Community Edition 2021.1.1/plugins/git4idea/lib/git4idea-rt.jar;C:/Program Files/JetBrains/PyCharm Community Edition 2021.1.1/lib/xmlrpc-2.0.1.jar;C:/Program Files/JetBrains/PyCharm Community Edition 2021.1.1/lib/commons-codec-1.15.jar
Launcher Type: SUN_STANDARD

[Global flags]
     intx CICompilerCount                          = 4                                         {product} {ergonomic}
     uint ConcGCThreads                            = 2                                         {product} {ergonomic}
     uint G1ConcRefinementThreads                  = 8                                         {product} {ergonomic}
   size_t G1HeapRegionSize                         = 2097152                                   {product} {ergonomic}
    uintx GCDrainStackTargetSize                   = 64                                        {product} {ergonomic}
   size_t InitialHeapSize                          = 534773760                                 {product} {ergonomic}
   size_t MarkStackSize                            = 4194304                                   {product} {ergonomic}
   size_t MaxHeapSize                              = 8524922880                                {product} {ergonomic}
   size_t MinHeapDeltaBytes                        = 2097152                                   {product} {ergonomic}
    uintx NonNMethodCodeHeapSize                   = 5836300                                {pd product} {ergonomic}
    uintx NonProfiledCodeHeapSize                  = 122910970                              {pd product} {ergonomic}
    uintx ProfiledCodeHeapSize                     = 122910970                              {pd product} {ergonomic}
    uintx ReservedCodeCacheSize                    = 251658240                              {pd product} {ergonomic}
     bool SegmentedCodeCache                       = true                                      {product} {ergonomic}
     bool UseCompressedClassPointers               = true                                 {lp64_product} {ergonomic}
     bool UseCompressedOops                        = true                                 {lp64_product} {ergonomic}
     bool UseG1GC                                  = true                                      {product} {ergonomic}
     bool UseLargePagesIndividualAllocation        = false                                  {pd product} {ergonomic}

Logging:
Log output configuration:
 #0: stdout all=warning uptime,level,tags
 #1: stderr all=off uptime,level,tags

Environment Variables:
PATH=C:\Program Files\Git\mingw64\libexec\git-core;C:\Program Files\Git\mingw64\libexec\git-core;C:\Program Files\Git\mingw64\bin;C:\Program Files\Git\usr\bin;C:\Users\AssafPerl\bin;C:\Windows\system32;C:\Windows;C:\Windows\System32\Wbem;C:\Windows\System32\WindowsPowerShell\v1.0;C:\Windows\System32\OpenSSH;C:\Program Files\Amazon\AWSCLIV2;C:\Program Files\Git\cmd;C:\Users\AssafPerl\anaconda3;C:\Users\AssafPerl\AppData\Local\Microsoft\WindowsApps\python.exe;C:\Users\AssafPerl\anaconda3\Scripts;C:\Program Files\Docker\Docker\resources\bin;C:\ProgramData\DockerDesktop\version-bin;C:\Program Files\Amazon\AWSSAMCLI\bin;C:\Users\AssafPerl\AppData\Local\Microsoft\WindowsApps;C:\Program Files\JetBrains\PyCharm 2021.1.2\bin;C:\Program Files\JetBrains\PyCharm Community Edition 2021.1.1\bin;C:\Users\AssafPerl\AppData\Roaming\Microsoft\Windows\Start Menu\Programs\Anaconda3 (64-bit;C:\Users\AssafPerl\anaconda3;C:\Users\AssafPerl\anaconda3";C:\Users\AssafPerl\AppData\Local\Microsoft\WindowsApps\python.exe;C:\Users\AssafPerl\anaconda3;C:\Users\AssafPerl\anaconda3\Scripts;C:\Program Files\JetBrains\DataGrip 2021.1.3\bin
USERNAME=AssafPerl
DISPLAY=:0.0
LC_ALL=en_US.UTF-8
OS=Windows_NT
PROCESSOR_IDENTIFIER=Intel64 Family 6 Model 142 Stepping 12, GenuineIntel



---------------  S Y S T E M  ---------------

OS: Windows 10 , 64 bit Build 19041 (10.0.19041.1023)
OS uptime: 57 days 10:23 hours
Hyper-V role detected

CPU:total 8 (initial active 8) (4 cores per cpu, 2 threads per core) family 6 model 142 stepping 12 microcode 0xd6, cmov, cx8, fxsr, mmx, sse, sse2, sse3, ssse3, sse4.1, sse4.2, popcnt, avx, avx2, aes, clmul, erms, 3dnowpref, lzcnt, ht, tsc, tscinvbit, bmi1, bmi2, adx, fma

Memory: 4k page, system-wide physical 32518M (1834M free)
TotalPageFile size 93393M (AvailPageFile size 362M)
current process WorkingSet (physical memory assigned to process): 10M, peak: 10M
current process commit charge ("private bytes"): 60M, peak: 570M

vm_info: Dynamic Code Evolution 64-Bit Server VM (11.0.10+9-b1341.41) for windows-amd64 JRE (11.0.10+9-b1341.41), built on Apr 17 2021 07:18:15 by "" with MS VC++ 14.0 (VS2015)

END.
